2015-01-29 22:04:58,650 ERROR hi
2015-01-29 22:05:27,244 ERROR hi
2015-01-29 22:05:29,937 INFO hi
2015-01-29 22:18:19: __init__ - Created rmw service, listening on port 18861
2015-01-29 22:18:22: __init__ - Created rmw service, listening on port 18861
2015-01-29 22:19:43: __init__ - Created rmw service, listening on port 18861
2015-01-29 22:21:10: __init__ - Created rmw service, listening on port 18861
2015-01-29 22:21:47: __init__ - Starting rmw service on port 18861
2015-01-29 22:22:04: __init__ - Starting rmw service on port 18861
2015-01-29 22:23:02: __init__ - Starting rmw service on port 18861
2015-01-29 22:23:47: __init__ - Starting rmw service on port 18861
2015-01-29 22:23:55: __init__ - Starting rmw service on port 18861
2015-01-29 22:24:06: __init__ - Starting rmw service on port 18861
2015-01-29 22:26:08: __init__ - Starting rmw service on port 18861
2015-01-29 22:26:24: __init__ - Starting rmw service on port 18861
2015-01-29 22:28:13: __init__ - Starting rmw service on port 18861
2015-01-29 22:29:47: __init__ - Starting rmw service on port 18861
2015-01-29 22:29:47: run - Staroajiwefoating rmw service on port
2015-01-29 22:34:50,145 INFO server started on [0.0.0.0]:18861
2015-01-29 22:35:37,129 WARNING keyboard interrupt!
2015-01-29 22:35:37,129 INFO server has terminated
2015-01-29 22:35:37,129 INFO listener closed
2015-01-29 22:35:37,631 INFO server started on [0.0.0.0]:18861
2015-01-29 22:35:57,064 WARNING keyboard interrupt!
2015-01-29 22:35:57,064 INFO server has terminated
2015-01-29 22:35:57,064 INFO listener closed
2015-01-29 22:35:57,516 INFO server started on [0.0.0.0]:18861
2015-01-29 22:36:23,832 WARNING keyboard interrupt!
2015-01-29 22:36:23,832 INFO server has terminated
2015-01-29 22:36:23,832 INFO listener closed
2015-01-29 22:36:24,254 INFO server started on [0.0.0.0]:18861
2015-01-29 22:38:10,407 WARNING keyboard interrupt!
2015-01-29 22:38:10,407 INFO server has terminated
2015-01-29 22:38:10,407 INFO listener closed
2015-01-29 22:38:11,044 INFO server started on [0.0.0.0]:18861
2015-01-29 22:38:12,686 WARNING keyboard interrupt!
2015-01-29 22:38:12,687 INFO server has terminated
2015-01-29 22:38:12,687 INFO listener closed
2015-01-29 22:38:23,630 INFO server started on [0.0.0.0]:18861
2015-01-29 22:38:49,993 WARNING keyboard interrupt!
2015-01-29 22:38:49,993 INFO server has terminated
2015-01-29 22:38:49,993 INFO listener closed
